/Users/Bakiss/.passenger/standalone/3.0.2-universal-ruby1.8.7-x86_64-macosx-10.6/support/lib/phusion_passenger/platform_info.rb:146: warning: Insecure world writable dir /usr/local/bin in PATH, mode 040777
[ pid=30011 thr=2148278700 file=utils.rb:176 time=2011-02-02 14:51:30.892 ]: *** Exception PhusionPassenger::UnknownError in PhusionPassenger::ClassicRails::ApplicationSpawner (Could not find sqlite3-ruby-1.3.2 in any of the sources (Bundler::GemNotFound)) (process 30011, thread #<Thread:0x100184358>):
	from /Library/Ruby/Gems/1.8/gems/bundler-1.0.7/lib/bundler/spec_set.rb:87:in `materialize'
	from /Library/Ruby/Gems/1.8/gems/bundler-1.0.7/lib/bundler/spec_set.rb:81:in `map!'
	from /Library/Ruby/Gems/1.8/gems/bundler-1.0.7/lib/bundler/spec_set.rb:81:in `materialize'
	from /Library/Ruby/Gems/1.8/gems/bundler-1.0.7/lib/bundler/definition.rb:90:in `specs'
	from /Library/Ruby/Gems/1.8/gems/bundler-1.0.7/lib/bundler/definition.rb:135:in `specs_for'
	from /Library/Ruby/Gems/1.8/gems/bundler-1.0.7/lib/bundler/definition.rb:124:in `requested_specs'
	from /Library/Ruby/Gems/1.8/gems/bundler-1.0.7/lib/bundler/environment.rb:23:in `requested_specs'
	from /Library/Ruby/Gems/1.8/gems/bundler-1.0.7/lib/bundler/runtime.rb:11:in `setup'
	from /Library/Ruby/Gems/1.8/gems/bundler-1.0.7/lib/bundler.rb:100:in `setup'
	from /Users/Bakiss/.passenger/standalone/3.0.2-universal-ruby1.8.7-x86_64-macosx-10.6/support/lib/phusion_passenger/utils.rb:326:in `prepare_app_process'
	from /Users/Bakiss/.passenger/standalone/3.0.2-universal-ruby1.8.7-x86_64-macosx-10.6/support/lib/phusion_passenger/classic_rails/application_spawner.rb:176:in `initialize_server'
	from /Users/Bakiss/.passenger/standalone/3.0.2-universal-ruby1.8.7-x86_64-macosx-10.6/support/lib/phusion_passenger/utils.rb:564:in `report_app_init_status'
	from /Users/Bakiss/.passenger/standalone/3.0.2-universal-ruby1.8.7-x86_64-macosx-10.6/support/lib/phusion_passenger/classic_rails/application_spawner.rb:174:in `initialize_server'
	from /Users/Bakiss/.passenger/standalone/3.0.2-universal-ruby1.8.7-x86_64-macosx-10.6/support/lib/phusion_passenger/abstract_server.rb:204:in `start_synchronously'
	from /Users/Bakiss/.passenger/standalone/3.0.2-universal-ruby1.8.7-x86_64-macosx-10.6/support/lib/phusion_passenger/abstract_server.rb:180:in `start'
	from /Users/Bakiss/.passenger/standalone/3.0.2-universal-ruby1.8.7-x86_64-macosx-10.6/support/lib/phusion_passenger/classic_rails/application_spawner.rb:149:in `start'
	from /Users/Bakiss/.passenger/standalone/3.0.2-universal-ruby1.8.7-x86_64-macosx-10.6/support/lib/phusion_passenger/spawn_manager.rb:219:in `spawn_rails_application'
	from /Users/Bakiss/.passenger/standalone/3.0.2-universal-ruby1.8.7-x86_64-macosx-10.6/support/lib/phusion_passenger/abstract_server_collection.rb:132:in `lookup_or_add'
	from /Users/Bakiss/.passenger/standalone/3.0.2-universal-ruby1.8.7-x86_64-macosx-10.6/support/lib/phusion_passenger/spawn_manager.rb:214:in `spawn_rails_application'
	from /Users/Bakiss/.passenger/standalone/3.0.2-universal-ruby1.8.7-x86_64-macosx-10.6/support/lib/phusion_passenger/abstract_server_collection.rb:82:in `synchronize'
	from /Users/Bakiss/.passenger/standalone/3.0.2-universal-ruby1.8.7-x86_64-macosx-10.6/support/lib/phusion_passenger/abstract_server_collection.rb:79:in `synchronize'
	from /Users/Bakiss/.passenger/standalone/3.0.2-universal-ruby1.8.7-x86_64-macosx-10.6/support/lib/phusion_passenger/spawn_manager.rb:213:in `spawn_rails_application'
	from /Users/Bakiss/.passenger/standalone/3.0.2-universal-ruby1.8.7-x86_64-macosx-10.6/support/lib/phusion_passenger/spawn_manager.rb:132:in `spawn_application'
	from /Users/Bakiss/.passenger/standalone/3.0.2-universal-ruby1.8.7-x86_64-macosx-10.6/support/lib/phusion_passenger/spawn_manager.rb:275:in `handle_spawn_application'
	from /Users/Bakiss/.passenger/standalone/3.0.2-universal-ruby1.8.7-x86_64-macosx-10.6/support/lib/phusion_passenger/abstract_server.rb:357:in `__send__'
	from /Users/Bakiss/.passenger/standalone/3.0.2-universal-ruby1.8.7-x86_64-macosx-10.6/support/lib/phusion_passenger/abstract_server.rb:357:in `server_main_loop'
	from /Users/Bakiss/.passenger/standalone/3.0.2-universal-ruby1.8.7-x86_64-macosx-10.6/support/lib/phusion_passenger/abstract_server.rb:206:in `start_synchronously'
	from /Users/Bakiss/.passenger/standalone/3.0.2-universal-ruby1.8.7-x86_64-macosx-10.6/support/helper-scripts/passenger-spawn-server:99
[ pid=30011 thr=2148278700 file=utils.rb:176 time=2011-02-02 15:01:55.925 ]: *** Exception PhusionPassenger::UnknownError in PhusionPassenger::ClassicRails::ApplicationSpawner (Could not find sqlite3-ruby-1.3.2 in any of the sources (Bundler::GemNotFound)) (process 30011, thread #<Thread:0x100184358>):
	from /Library/Ruby/Gems/1.8/gems/bundler-1.0.7/lib/bundler/spec_set.rb:87:in `materialize'
	from /Library/Ruby/Gems/1.8/gems/bundler-1.0.7/lib/bundler/spec_set.rb:81:in `map!'
	from /Library/Ruby/Gems/1.8/gems/bundler-1.0.7/lib/bundler/spec_set.rb:81:in `materialize'
	from /Library/Ruby/Gems/1.8/gems/bundler-1.0.7/lib/bundler/definition.rb:90:in `specs'
	from /Library/Ruby/Gems/1.8/gems/bundler-1.0.7/lib/bundler/definition.rb:135:in `specs_for'
	from /Library/Ruby/Gems/1.8/gems/bundler-1.0.7/lib/bundler/definition.rb:124:in `requested_specs'
	from /Library/Ruby/Gems/1.8/gems/bundler-1.0.7/lib/bundler/environment.rb:23:in `requested_specs'
	from /Library/Ruby/Gems/1.8/gems/bundler-1.0.7/lib/bundler/runtime.rb:11:in `setup'
	from /Library/Ruby/Gems/1.8/gems/bundler-1.0.7/lib/bundler.rb:100:in `setup'
	from /Users/Bakiss/.passenger/standalone/3.0.2-universal-ruby1.8.7-x86_64-macosx-10.6/support/lib/phusion_passenger/utils.rb:326:in `prepare_app_process'
	from /Users/Bakiss/.passenger/standalone/3.0.2-universal-ruby1.8.7-x86_64-macosx-10.6/support/lib/phusion_passenger/classic_rails/application_spawner.rb:176:in `initialize_server'
	from /Users/Bakiss/.passenger/standalone/3.0.2-universal-ruby1.8.7-x86_64-macosx-10.6/support/lib/phusion_passenger/utils.rb:564:in `report_app_init_status'
	from /Users/Bakiss/.passenger/standalone/3.0.2-universal-ruby1.8.7-x86_64-macosx-10.6/support/lib/phusion_passenger/classic_rails/application_spawner.rb:174:in `initialize_server'
	from /Users/Bakiss/.passenger/standalone/3.0.2-universal-ruby1.8.7-x86_64-macosx-10.6/support/lib/phusion_passenger/abstract_server.rb:204:in `start_synchronously'
	from /Users/Bakiss/.passenger/standalone/3.0.2-universal-ruby1.8.7-x86_64-macosx-10.6/support/lib/phusion_passenger/abstract_server.rb:180:in `start'
	from /Users/Bakiss/.passenger/standalone/3.0.2-universal-ruby1.8.7-x86_64-macosx-10.6/support/lib/phusion_passenger/classic_rails/application_spawner.rb:149:in `start'
	from /Users/Bakiss/.passenger/standalone/3.0.2-universal-ruby1.8.7-x86_64-macosx-10.6/support/lib/phusion_passenger/spawn_manager.rb:219:in `spawn_rails_application'
	from /Users/Bakiss/.passenger/standalone/3.0.2-universal-ruby1.8.7-x86_64-macosx-10.6/support/lib/phusion_passenger/abstract_server_collection.rb:132:in `lookup_or_add'
	from /Users/Bakiss/.passenger/standalone/3.0.2-universal-ruby1.8.7-x86_64-macosx-10.6/support/lib/phusion_passenger/spawn_manager.rb:214:in `spawn_rails_application'
	from /Users/Bakiss/.passenger/standalone/3.0.2-universal-ruby1.8.7-x86_64-macosx-10.6/support/lib/phusion_passenger/abstract_server_collection.rb:82:in `synchronize'
	from /Users/Bakiss/.passenger/standalone/3.0.2-universal-ruby1.8.7-x86_64-macosx-10.6/support/lib/phusion_passenger/abstract_server_collection.rb:79:in `synchronize'
	from /Users/Bakiss/.passenger/standalone/3.0.2-universal-ruby1.8.7-x86_64-macosx-10.6/support/lib/phusion_passenger/spawn_manager.rb:213:in `spawn_rails_application'
	from /Users/Bakiss/.passenger/standalone/3.0.2-universal-ruby1.8.7-x86_64-macosx-10.6/support/lib/phusion_passenger/spawn_manager.rb:132:in `spawn_application'
	from /Users/Bakiss/.passenger/standalone/3.0.2-universal-ruby1.8.7-x86_64-macosx-10.6/support/lib/phusion_passenger/spawn_manager.rb:275:in `handle_spawn_application'
	from /Users/Bakiss/.passenger/standalone/3.0.2-universal-ruby1.8.7-x86_64-macosx-10.6/support/lib/phusion_passenger/abstract_server.rb:357:in `__send__'
	from /Users/Bakiss/.passenger/standalone/3.0.2-universal-ruby1.8.7-x86_64-macosx-10.6/support/lib/phusion_passenger/abstract_server.rb:357:in `server_main_loop'
	from /Users/Bakiss/.passenger/standalone/3.0.2-universal-ruby1.8.7-x86_64-macosx-10.6/support/lib/phusion_passenger/abstract_server.rb:206:in `start_synchronously'
	from /Users/Bakiss/.passenger/standalone/3.0.2-universal-ruby1.8.7-x86_64-macosx-10.6/support/helper-scripts/passenger-spawn-server:99
[ pid=30011 thr=2148278700 file=utils.rb:176 time=2011-02-02 15:02:12.283 ]: *** Exception PhusionPassenger::UnknownError in PhusionPassenger::ClassicRails::ApplicationSpawner (Could not find sqlite3-ruby-1.3.2 in any of the sources (Bundler::GemNotFound)) (process 30011, thread #<Thread:0x100184358>):
	from /Library/Ruby/Gems/1.8/gems/bundler-1.0.7/lib/bundler/spec_set.rb:87:in `materialize'
	from /Library/Ruby/Gems/1.8/gems/bundler-1.0.7/lib/bundler/spec_set.rb:81:in `map!'
	from /Library/Ruby/Gems/1.8/gems/bundler-1.0.7/lib/bundler/spec_set.rb:81:in `materialize'
	from /Library/Ruby/Gems/1.8/gems/bundler-1.0.7/lib/bundler/definition.rb:90:in `specs'
	from /Library/Ruby/Gems/1.8/gems/bundler-1.0.7/lib/bundler/definition.rb:135:in `specs_for'
	from /Library/Ruby/Gems/1.8/gems/bundler-1.0.7/lib/bundler/definition.rb:124:in `requested_specs'
	from /Library/Ruby/Gems/1.8/gems/bundler-1.0.7/lib/bundler/environment.rb:23:in `requested_specs'
	from /Library/Ruby/Gems/1.8/gems/bundler-1.0.7/lib/bundler/runtime.rb:11:in `setup'
	from /Library/Ruby/Gems/1.8/gems/bundler-1.0.7/lib/bundler.rb:100:in `setup'
	from /Users/Bakiss/.passenger/standalone/3.0.2-universal-ruby1.8.7-x86_64-macosx-10.6/support/lib/phusion_passenger/utils.rb:326:in `prepare_app_process'
	from /Users/Bakiss/.passenger/standalone/3.0.2-universal-ruby1.8.7-x86_64-macosx-10.6/support/lib/phusion_passenger/classic_rails/application_spawner.rb:176:in `initialize_server'
	from /Users/Bakiss/.passenger/standalone/3.0.2-universal-ruby1.8.7-x86_64-macosx-10.6/support/lib/phusion_passenger/utils.rb:564:in `report_app_init_status'
	from /Users/Bakiss/.passenger/standalone/3.0.2-universal-ruby1.8.7-x86_64-macosx-10.6/support/lib/phusion_passenger/classic_rails/application_spawner.rb:174:in `initialize_server'
	from /Users/Bakiss/.passenger/standalone/3.0.2-universal-ruby1.8.7-x86_64-macosx-10.6/support/lib/phusion_passenger/abstract_server.rb:204:in `start_synchronously'
	from /Users/Bakiss/.passenger/standalone/3.0.2-universal-ruby1.8.7-x86_64-macosx-10.6/support/lib/phusion_passenger/abstract_server.rb:180:in `start'
	from /Users/Bakiss/.passenger/standalone/3.0.2-universal-ruby1.8.7-x86_64-macosx-10.6/support/lib/phusion_passenger/classic_rails/application_spawner.rb:149:in `start'
	from /Users/Bakiss/.passenger/standalone/3.0.2-universal-ruby1.8.7-x86_64-macosx-10.6/support/lib/phusion_passenger/spawn_manager.rb:219:in `spawn_rails_application'
	from /Users/Bakiss/.passenger/standalone/3.0.2-universal-ruby1.8.7-x86_64-macosx-10.6/support/lib/phusion_passenger/abstract_server_collection.rb:132:in `lookup_or_add'
	from /Users/Bakiss/.passenger/standalone/3.0.2-universal-ruby1.8.7-x86_64-macosx-10.6/support/lib/phusion_passenger/spawn_manager.rb:214:in `spawn_rails_application'
	from /Users/Bakiss/.passenger/standalone/3.0.2-universal-ruby1.8.7-x86_64-macosx-10.6/support/lib/phusion_passenger/abstract_server_collection.rb:82:in `synchronize'
	from /Users/Bakiss/.passenger/standalone/3.0.2-universal-ruby1.8.7-x86_64-macosx-10.6/support/lib/phusion_passenger/abstract_server_collection.rb:79:in `synchronize'
	from /Users/Bakiss/.passenger/standalone/3.0.2-universal-ruby1.8.7-x86_64-macosx-10.6/support/lib/phusion_passenger/spawn_manager.rb:213:in `spawn_rails_application'
	from /Users/Bakiss/.passenger/standalone/3.0.2-universal-ruby1.8.7-x86_64-macosx-10.6/support/lib/phusion_passenger/spawn_manager.rb:132:in `spawn_application'
	from /Users/Bakiss/.passenger/standalone/3.0.2-universal-ruby1.8.7-x86_64-macosx-10.6/support/lib/phusion_passenger/spawn_manager.rb:275:in `handle_spawn_application'
	from /Users/Bakiss/.passenger/standalone/3.0.2-universal-ruby1.8.7-x86_64-macosx-10.6/support/lib/phusion_passenger/abstract_server.rb:357:in `__send__'
	from /Users/Bakiss/.passenger/standalone/3.0.2-universal-ruby1.8.7-x86_64-macosx-10.6/support/lib/phusion_passenger/abstract_server.rb:357:in `server_main_loop'
	from /Users/Bakiss/.passenger/standalone/3.0.2-universal-ruby1.8.7-x86_64-macosx-10.6/support/lib/phusion_passenger/abstract_server.rb:206:in `start_synchronously'
	from /Users/Bakiss/.passenger/standalone/3.0.2-universal-ruby1.8.7-x86_64-macosx-10.6/support/helper-scripts/passenger-spawn-server:99
[ pid=30011 thr=2148278700 file=utils.rb:176 time=2011-02-02 15:04:14.033 ]: *** Exception PhusionPassenger::UnknownError in PhusionPassenger::ClassicRails::ApplicationSpawner (Could not find sqlite3-ruby-1.3.2 in any of the sources (Bundler::GemNotFound)) (process 30011, thread #<Thread:0x100184358>):
	from /Library/Ruby/Gems/1.8/gems/bundler-1.0.7/lib/bundler/spec_set.rb:87:in `materialize'
	from /Library/Ruby/Gems/1.8/gems/bundler-1.0.7/lib/bundler/spec_set.rb:81:in `map!'
	from /Library/Ruby/Gems/1.8/gems/bundler-1.0.7/lib/bundler/spec_set.rb:81:in `materialize'
	from /Library/Ruby/Gems/1.8/gems/bundler-1.0.7/lib/bundler/definition.rb:90:in `specs'
	from /Library/Ruby/Gems/1.8/gems/bundler-1.0.7/lib/bundler/definition.rb:135:in `specs_for'
	from /Library/Ruby/Gems/1.8/gems/bundler-1.0.7/lib/bundler/definition.rb:124:in `requested_specs'
	from /Library/Ruby/Gems/1.8/gems/bundler-1.0.7/lib/bundler/environment.rb:23:in `requested_specs'
	from /Library/Ruby/Gems/1.8/gems/bundler-1.0.7/lib/bundler/runtime.rb:11:in `setup'
	from /Library/Ruby/Gems/1.8/gems/bundler-1.0.7/lib/bundler.rb:100:in `setup'
	from /Users/Bakiss/.passenger/standalone/3.0.2-universal-ruby1.8.7-x86_64-macosx-10.6/support/lib/phusion_passenger/utils.rb:326:in `prepare_app_process'
	from /Users/Bakiss/.passenger/standalone/3.0.2-universal-ruby1.8.7-x86_64-macosx-10.6/support/lib/phusion_passenger/classic_rails/application_spawner.rb:176:in `initialize_server'
	from /Users/Bakiss/.passenger/standalone/3.0.2-universal-ruby1.8.7-x86_64-macosx-10.6/support/lib/phusion_passenger/utils.rb:564:in `report_app_init_status'
	from /Users/Bakiss/.passenger/standalone/3.0.2-universal-ruby1.8.7-x86_64-macosx-10.6/support/lib/phusion_passenger/classic_rails/application_spawner.rb:174:in `initialize_server'
	from /Users/Bakiss/.passenger/standalone/3.0.2-universal-ruby1.8.7-x86_64-macosx-10.6/support/lib/phusion_passenger/abstract_server.rb:204:in `start_synchronously'
	from /Users/Bakiss/.passenger/standalone/3.0.2-universal-ruby1.8.7-x86_64-macosx-10.6/support/lib/phusion_passenger/abstract_server.rb:180:in `start'
	from /Users/Bakiss/.passenger/standalone/3.0.2-universal-ruby1.8.7-x86_64-macosx-10.6/support/lib/phusion_passenger/classic_rails/application_spawner.rb:149:in `start'
	from /Users/Bakiss/.passenger/standalone/3.0.2-universal-ruby1.8.7-x86_64-macosx-10.6/support/lib/phusion_passenger/spawn_manager.rb:219:in `spawn_rails_application'
	from /Users/Bakiss/.passenger/standalone/3.0.2-universal-ruby1.8.7-x86_64-macosx-10.6/support/lib/phusion_passenger/abstract_server_collection.rb:132:in `lookup_or_add'
	from /Users/Bakiss/.passenger/standalone/3.0.2-universal-ruby1.8.7-x86_64-macosx-10.6/support/lib/phusion_passenger/spawn_manager.rb:214:in `spawn_rails_application'
	from /Users/Bakiss/.passenger/standalone/3.0.2-universal-ruby1.8.7-x86_64-macosx-10.6/support/lib/phusion_passenger/abstract_server_collection.rb:82:in `synchronize'
	from /Users/Bakiss/.passenger/standalone/3.0.2-universal-ruby1.8.7-x86_64-macosx-10.6/support/lib/phusion_passenger/abstract_server_collection.rb:79:in `synchronize'
	from /Users/Bakiss/.passenger/standalone/3.0.2-universal-ruby1.8.7-x86_64-macosx-10.6/support/lib/phusion_passenger/spawn_manager.rb:213:in `spawn_rails_application'
	from /Users/Bakiss/.passenger/standalone/3.0.2-universal-ruby1.8.7-x86_64-macosx-10.6/support/lib/phusion_passenger/spawn_manager.rb:132:in `spawn_application'
	from /Users/Bakiss/.passenger/standalone/3.0.2-universal-ruby1.8.7-x86_64-macosx-10.6/support/lib/phusion_passenger/spawn_manager.rb:275:in `handle_spawn_application'
	from /Users/Bakiss/.passenger/standalone/3.0.2-universal-ruby1.8.7-x86_64-macosx-10.6/support/lib/phusion_passenger/abstract_server.rb:357:in `__send__'
	from /Users/Bakiss/.passenger/standalone/3.0.2-universal-ruby1.8.7-x86_64-macosx-10.6/support/lib/phusion_passenger/abstract_server.rb:357:in `server_main_loop'
	from /Users/Bakiss/.passenger/standalone/3.0.2-universal-ruby1.8.7-x86_64-macosx-10.6/support/lib/phusion_passenger/abstract_server.rb:206:in `start_synchronously'
	from /Users/Bakiss/.passenger/standalone/3.0.2-universal-ruby1.8.7-x86_64-macosx-10.6/support/helper-scripts/passenger-spawn-server:99
/Users/Bakiss/.passenger/standalone/3.0.2-universal-ruby1.8.7-x86_64-macosx-10.6/support/lib/phusion_passenger/platform_info.rb:146: warning: Insecure world writable dir /usr/local/bin in PATH, mode 040777
[ pid=30639 thr=2148278700 file=utils.rb:176 time=2011-02-02 15:20:17.707 ]: *** Exception PhusionPassenger::UnknownError in PhusionPassenger::ClassicRails::ApplicationSpawner (Could not find sqlite3-ruby-1.3.2 in any of the sources (Bundler::GemNotFound)) (process 30639, thread #<Thread:0x100184358>):
	from /Library/Ruby/Gems/1.8/gems/bundler-1.0.7/lib/bundler/spec_set.rb:87:in `materialize'
	from /Library/Ruby/Gems/1.8/gems/bundler-1.0.7/lib/bundler/spec_set.rb:81:in `map!'
	from /Library/Ruby/Gems/1.8/gems/bundler-1.0.7/lib/bundler/spec_set.rb:81:in `materialize'
	from /Library/Ruby/Gems/1.8/gems/bundler-1.0.7/lib/bundler/definition.rb:90:in `specs'
	from /Library/Ruby/Gems/1.8/gems/bundler-1.0.7/lib/bundler/definition.rb:135:in `specs_for'
	from /Library/Ruby/Gems/1.8/gems/bundler-1.0.7/lib/bundler/definition.rb:124:in `requested_specs'
	from /Library/Ruby/Gems/1.8/gems/bundler-1.0.7/lib/bundler/environment.rb:23:in `requested_specs'
	from /Library/Ruby/Gems/1.8/gems/bundler-1.0.7/lib/bundler/runtime.rb:11:in `setup'
	from /Library/Ruby/Gems/1.8/gems/bundler-1.0.7/lib/bundler.rb:100:in `setup'
	from /Users/Bakiss/.passenger/standalone/3.0.2-universal-ruby1.8.7-x86_64-macosx-10.6/support/lib/phusion_passenger/utils.rb:326:in `prepare_app_process'
	from /Users/Bakiss/.passenger/standalone/3.0.2-universal-ruby1.8.7-x86_64-macosx-10.6/support/lib/phusion_passenger/classic_rails/application_spawner.rb:176:in `initialize_server'
	from /Users/Bakiss/.passenger/standalone/3.0.2-universal-ruby1.8.7-x86_64-macosx-10.6/support/lib/phusion_passenger/utils.rb:564:in `report_app_init_status'
	from /Users/Bakiss/.passenger/standalone/3.0.2-universal-ruby1.8.7-x86_64-macosx-10.6/support/lib/phusion_passenger/classic_rails/application_spawner.rb:174:in `initialize_server'
	from /Users/Bakiss/.passenger/standalone/3.0.2-universal-ruby1.8.7-x86_64-macosx-10.6/support/lib/phusion_passenger/abstract_server.rb:204:in `start_synchronously'
	from /Users/Bakiss/.passenger/standalone/3.0.2-universal-ruby1.8.7-x86_64-macosx-10.6/support/lib/phusion_passenger/abstract_server.rb:180:in `start'
	from /Users/Bakiss/.passenger/standalone/3.0.2-universal-ruby1.8.7-x86_64-macosx-10.6/support/lib/phusion_passenger/classic_rails/application_spawner.rb:149:in `start'
	from /Users/Bakiss/.passenger/standalone/3.0.2-universal-ruby1.8.7-x86_64-macosx-10.6/support/lib/phusion_passenger/spawn_manager.rb:219:in `spawn_rails_application'
	from /Users/Bakiss/.passenger/standalone/3.0.2-universal-ruby1.8.7-x86_64-macosx-10.6/support/lib/phusion_passenger/abstract_server_collection.rb:132:in `lookup_or_add'
	from /Users/Bakiss/.passenger/standalone/3.0.2-universal-ruby1.8.7-x86_64-macosx-10.6/support/lib/phusion_passenger/spawn_manager.rb:214:in `spawn_rails_application'
	from /Users/Bakiss/.passenger/standalone/3.0.2-universal-ruby1.8.7-x86_64-macosx-10.6/support/lib/phusion_passenger/abstract_server_collection.rb:82:in `synchronize'
	from /Users/Bakiss/.passenger/standalone/3.0.2-universal-ruby1.8.7-x86_64-macosx-10.6/support/lib/phusion_passenger/abstract_server_collection.rb:79:in `synchronize'
	from /Users/Bakiss/.passenger/standalone/3.0.2-universal-ruby1.8.7-x86_64-macosx-10.6/support/lib/phusion_passenger/spawn_manager.rb:213:in `spawn_rails_application'
	from /Users/Bakiss/.passenger/standalone/3.0.2-universal-ruby1.8.7-x86_64-macosx-10.6/support/lib/phusion_passenger/spawn_manager.rb:132:in `spawn_application'
	from /Users/Bakiss/.passenger/standalone/3.0.2-universal-ruby1.8.7-x86_64-macosx-10.6/support/lib/phusion_passenger/spawn_manager.rb:275:in `handle_spawn_application'
	from /Users/Bakiss/.passenger/standalone/3.0.2-universal-ruby1.8.7-x86_64-macosx-10.6/support/lib/phusion_passenger/abstract_server.rb:357:in `__send__'
	from /Users/Bakiss/.passenger/standalone/3.0.2-universal-ruby1.8.7-x86_64-macosx-10.6/support/lib/phusion_passenger/abstract_server.rb:357:in `server_main_loop'
	from /Users/Bakiss/.passenger/standalone/3.0.2-universal-ruby1.8.7-x86_64-macosx-10.6/support/lib/phusion_passenger/abstract_server.rb:206:in `start_synchronously'
	from /Users/Bakiss/.passenger/standalone/3.0.2-universal-ruby1.8.7-x86_64-macosx-10.6/support/helper-scripts/passenger-spawn-server:99
/Users/Bakiss/.passenger/standalone/3.0.2-universal-ruby1.8.7-x86_64-macosx-10.6/support/lib/phusion_passenger/platform_info.rb:146: warning: Insecure world writable dir /usr/local/bin in PATH, mode 040777
[ pid=33692 thr=2148278700 file=utils.rb:176 time=2011-02-02 16:27:24.521 ]: *** Exception PhusionPassenger::UnknownError in PhusionPassenger::ClassicRails::ApplicationSpawner (Could not find sqlite3-ruby-1.3.2 in any of the sources (Bundler::GemNotFound)) (process 33692, thread #<Thread:0x100184358>):
	from /Library/Ruby/Gems/1.8/gems/bundler-1.0.7/lib/bundler/spec_set.rb:87:in `materialize'
	from /Library/Ruby/Gems/1.8/gems/bundler-1.0.7/lib/bundler/spec_set.rb:81:in `map!'
	from /Library/Ruby/Gems/1.8/gems/bundler-1.0.7/lib/bundler/spec_set.rb:81:in `materialize'
	from /Library/Ruby/Gems/1.8/gems/bundler-1.0.7/lib/bundler/definition.rb:90:in `specs'
	from /Library/Ruby/Gems/1.8/gems/bundler-1.0.7/lib/bundler/definition.rb:135:in `specs_for'
	from /Library/Ruby/Gems/1.8/gems/bundler-1.0.7/lib/bundler/definition.rb:124:in `requested_specs'
	from /Library/Ruby/Gems/1.8/gems/bundler-1.0.7/lib/bundler/environment.rb:23:in `requested_specs'
	from /Library/Ruby/Gems/1.8/gems/bundler-1.0.7/lib/bundler/runtime.rb:11:in `setup'
	from /Library/Ruby/Gems/1.8/gems/bundler-1.0.7/lib/bundler.rb:100:in `setup'
	from /Users/Bakiss/.passenger/standalone/3.0.2-universal-ruby1.8.7-x86_64-macosx-10.6/support/lib/phusion_passenger/utils.rb:326:in `prepare_app_process'
	from /Users/Bakiss/.passenger/standalone/3.0.2-universal-ruby1.8.7-x86_64-macosx-10.6/support/lib/phusion_passenger/classic_rails/application_spawner.rb:176:in `initialize_server'
	from /Users/Bakiss/.passenger/standalone/3.0.2-universal-ruby1.8.7-x86_64-macosx-10.6/support/lib/phusion_passenger/utils.rb:564:in `report_app_init_status'
	from /Users/Bakiss/.passenger/standalone/3.0.2-universal-ruby1.8.7-x86_64-macosx-10.6/support/lib/phusion_passenger/classic_rails/application_spawner.rb:174:in `initialize_server'
	from /Users/Bakiss/.passenger/standalone/3.0.2-universal-ruby1.8.7-x86_64-macosx-10.6/support/lib/phusion_passenger/abstract_server.rb:204:in `start_synchronously'
	from /Users/Bakiss/.passenger/standalone/3.0.2-universal-ruby1.8.7-x86_64-macosx-10.6/support/lib/phusion_passenger/abstract_server.rb:180:in `start'
	from /Users/Bakiss/.passenger/standalone/3.0.2-universal-ruby1.8.7-x86_64-macosx-10.6/support/lib/phusion_passenger/classic_rails/application_spawner.rb:149:in `start'
	from /Users/Bakiss/.passenger/standalone/3.0.2-universal-ruby1.8.7-x86_64-macosx-10.6/support/lib/phusion_passenger/spawn_manager.rb:219:in `spawn_rails_application'
	from /Users/Bakiss/.passenger/standalone/3.0.2-universal-ruby1.8.7-x86_64-macosx-10.6/support/lib/phusion_passenger/abstract_server_collection.rb:132:in `lookup_or_add'
	from /Users/Bakiss/.passenger/standalone/3.0.2-universal-ruby1.8.7-x86_64-macosx-10.6/support/lib/phusion_passenger/spawn_manager.rb:214:in `spawn_rails_application'
	from /Users/Bakiss/.passenger/standalone/3.0.2-universal-ruby1.8.7-x86_64-macosx-10.6/support/lib/phusion_passenger/abstract_server_collection.rb:82:in `synchronize'
	from /Users/Bakiss/.passenger/standalone/3.0.2-universal-ruby1.8.7-x86_64-macosx-10.6/support/lib/phusion_passenger/abstract_server_collection.rb:79:in `synchronize'
	from /Users/Bakiss/.passenger/standalone/3.0.2-universal-ruby1.8.7-x86_64-macosx-10.6/support/lib/phusion_passenger/spawn_manager.rb:213:in `spawn_rails_application'
	from /Users/Bakiss/.passenger/standalone/3.0.2-universal-ruby1.8.7-x86_64-macosx-10.6/support/lib/phusion_passenger/spawn_manager.rb:132:in `spawn_application'
	from /Users/Bakiss/.passenger/standalone/3.0.2-universal-ruby1.8.7-x86_64-macosx-10.6/support/lib/phusion_passenger/spawn_manager.rb:275:in `handle_spawn_application'
	from /Users/Bakiss/.passenger/standalone/3.0.2-universal-ruby1.8.7-x86_64-macosx-10.6/support/lib/phusion_passenger/abstract_server.rb:357:in `__send__'
	from /Users/Bakiss/.passenger/standalone/3.0.2-universal-ruby1.8.7-x86_64-macosx-10.6/support/lib/phusion_passenger/abstract_server.rb:357:in `server_main_loop'
	from /Users/Bakiss/.passenger/standalone/3.0.2-universal-ruby1.8.7-x86_64-macosx-10.6/support/lib/phusion_passenger/abstract_server.rb:206:in `start_synchronously'
	from /Users/Bakiss/.passenger/standalone/3.0.2-universal-ruby1.8.7-x86_64-macosx-10.6/support/helper-scripts/passenger-spawn-server:99
/Users/Bakiss/.passenger/standalone/3.0.2-universal-ruby1.8.7-x86_64-macosx-10.6/support/lib/phusion_passenger/platform_info.rb:146: warning: Insecure world writable dir /usr/local/bin in PATH, mode 040777
[ pid=38302 thr=2148278700 file=utils.rb:176 time=2011-02-02 17:46:13.851 ]: *** Exception PhusionPassenger::UnknownError in PhusionPassenger::ClassicRails::ApplicationSpawner (Could not find sqlite3-ruby-1.3.2 in any of the sources (Bundler::GemNotFound)) (process 38302, thread #<Thread:0x100184358>):
	from /Library/Ruby/Gems/1.8/gems/bundler-1.0.7/lib/bundler/spec_set.rb:87:in `materialize'
	from /Library/Ruby/Gems/1.8/gems/bundler-1.0.7/lib/bundler/spec_set.rb:81:in `map!'
	from /Library/Ruby/Gems/1.8/gems/bundler-1.0.7/lib/bundler/spec_set.rb:81:in `materialize'
	from /Library/Ruby/Gems/1.8/gems/bundler-1.0.7/lib/bundler/definition.rb:90:in `specs'
	from /Library/Ruby/Gems/1.8/gems/bundler-1.0.7/lib/bundler/definition.rb:135:in `specs_for'
	from /Library/Ruby/Gems/1.8/gems/bundler-1.0.7/lib/bundler/definition.rb:124:in `requested_specs'
	from /Library/Ruby/Gems/1.8/gems/bundler-1.0.7/lib/bundler/environment.rb:23:in `requested_specs'
	from /Library/Ruby/Gems/1.8/gems/bundler-1.0.7/lib/bundler/runtime.rb:11:in `setup'
	from /Library/Ruby/Gems/1.8/gems/bundler-1.0.7/lib/bundler.rb:100:in `setup'
	from /Users/Bakiss/.passenger/standalone/3.0.2-universal-ruby1.8.7-x86_64-macosx-10.6/support/lib/phusion_passenger/utils.rb:326:in `prepare_app_process'
	from /Users/Bakiss/.passenger/standalone/3.0.2-universal-ruby1.8.7-x86_64-macosx-10.6/support/lib/phusion_passenger/classic_rails/application_spawner.rb:176:in `initialize_server'
	from /Users/Bakiss/.passenger/standalone/3.0.2-universal-ruby1.8.7-x86_64-macosx-10.6/support/lib/phusion_passenger/utils.rb:564:in `report_app_init_status'
	from /Users/Bakiss/.passenger/standalone/3.0.2-universal-ruby1.8.7-x86_64-macosx-10.6/support/lib/phusion_passenger/classic_rails/application_spawner.rb:174:in `initialize_server'
	from /Users/Bakiss/.passenger/standalone/3.0.2-universal-ruby1.8.7-x86_64-macosx-10.6/support/lib/phusion_passenger/abstract_server.rb:204:in `start_synchronously'
	from /Users/Bakiss/.passenger/standalone/3.0.2-universal-ruby1.8.7-x86_64-macosx-10.6/support/lib/phusion_passenger/abstract_server.rb:180:in `start'
	from /Users/Bakiss/.passenger/standalone/3.0.2-universal-ruby1.8.7-x86_64-macosx-10.6/support/lib/phusion_passenger/classic_rails/application_spawner.rb:149:in `start'
	from /Users/Bakiss/.passenger/standalone/3.0.2-universal-ruby1.8.7-x86_64-macosx-10.6/support/lib/phusion_passenger/spawn_manager.rb:219:in `spawn_rails_application'
	from /Users/Bakiss/.passenger/standalone/3.0.2-universal-ruby1.8.7-x86_64-macosx-10.6/support/lib/phusion_passenger/abstract_server_collection.rb:132:in `lookup_or_add'
	from /Users/Bakiss/.passenger/standalone/3.0.2-universal-ruby1.8.7-x86_64-macosx-10.6/support/lib/phusion_passenger/spawn_manager.rb:214:in `spawn_rails_application'
	from /Users/Bakiss/.passenger/standalone/3.0.2-universal-ruby1.8.7-x86_64-macosx-10.6/support/lib/phusion_passenger/abstract_server_collection.rb:82:in `synchronize'
	from /Users/Bakiss/.passenger/standalone/3.0.2-universal-ruby1.8.7-x86_64-macosx-10.6/support/lib/phusion_passenger/abstract_server_collection.rb:79:in `synchronize'
	from /Users/Bakiss/.passenger/standalone/3.0.2-universal-ruby1.8.7-x86_64-macosx-10.6/support/lib/phusion_passenger/spawn_manager.rb:213:in `spawn_rails_application'
	from /Users/Bakiss/.passenger/standalone/3.0.2-universal-ruby1.8.7-x86_64-macosx-10.6/support/lib/phusion_passenger/spawn_manager.rb:132:in `spawn_application'
	from /Users/Bakiss/.passenger/standalone/3.0.2-universal-ruby1.8.7-x86_64-macosx-10.6/support/lib/phusion_passenger/spawn_manager.rb:275:in `handle_spawn_application'
	from /Users/Bakiss/.passenger/standalone/3.0.2-universal-ruby1.8.7-x86_64-macosx-10.6/support/lib/phusion_passenger/abstract_server.rb:357:in `__send__'
	from /Users/Bakiss/.passenger/standalone/3.0.2-universal-ruby1.8.7-x86_64-macosx-10.6/support/lib/phusion_passenger/abstract_server.rb:357:in `server_main_loop'
	from /Users/Bakiss/.passenger/standalone/3.0.2-universal-ruby1.8.7-x86_64-macosx-10.6/support/lib/phusion_passenger/abstract_server.rb:206:in `start_synchronously'
	from /Users/Bakiss/.passenger/standalone/3.0.2-universal-ruby1.8.7-x86_64-macosx-10.6/support/helper-scripts/passenger-spawn-server:99
[ pid=38302 thr=2148278700 file=utils.rb:176 time=2011-02-02 17:55:34.070 ]: *** Exception PhusionPassenger::UnknownError in PhusionPassenger::ClassicRails::ApplicationSpawner (Could not find sqlite3-ruby-1.3.2 in any of the sources (Bundler::GemNotFound)) (process 38302, thread #<Thread:0x100184358>):
	from /Library/Ruby/Gems/1.8/gems/bundler-1.0.7/lib/bundler/spec_set.rb:87:in `materialize'
	from /Library/Ruby/Gems/1.8/gems/bundler-1.0.7/lib/bundler/spec_set.rb:81:in `map!'
	from /Library/Ruby/Gems/1.8/gems/bundler-1.0.7/lib/bundler/spec_set.rb:81:in `materialize'
	from /Library/Ruby/Gems/1.8/gems/bundler-1.0.7/lib/bundler/definition.rb:90:in `specs'
	from /Library/Ruby/Gems/1.8/gems/bundler-1.0.7/lib/bundler/definition.rb:135:in `specs_for'
	from /Library/Ruby/Gems/1.8/gems/bundler-1.0.7/lib/bundler/definition.rb:124:in `requested_specs'
	from /Library/Ruby/Gems/1.8/gems/bundler-1.0.7/lib/bundler/environment.rb:23:in `requested_specs'
	from /Library/Ruby/Gems/1.8/gems/bundler-1.0.7/lib/bundler/runtime.rb:11:in `setup'
	from /Library/Ruby/Gems/1.8/gems/bundler-1.0.7/lib/bundler.rb:100:in `setup'
	from /Users/Bakiss/.passenger/standalone/3.0.2-universal-ruby1.8.7-x86_64-macosx-10.6/support/lib/phusion_passenger/utils.rb:326:in `prepare_app_process'
	from /Users/Bakiss/.passenger/standalone/3.0.2-universal-ruby1.8.7-x86_64-macosx-10.6/support/lib/phusion_passenger/classic_rails/application_spawner.rb:176:in `initialize_server'
	from /Users/Bakiss/.passenger/standalone/3.0.2-universal-ruby1.8.7-x86_64-macosx-10.6/support/lib/phusion_passenger/utils.rb:564:in `report_app_init_status'
	from /Users/Bakiss/.passenger/standalone/3.0.2-universal-ruby1.8.7-x86_64-macosx-10.6/support/lib/phusion_passenger/classic_rails/application_spawner.rb:174:in `initialize_server'
	from /Users/Bakiss/.passenger/standalone/3.0.2-universal-ruby1.8.7-x86_64-macosx-10.6/support/lib/phusion_passenger/abstract_server.rb:204:in `start_synchronously'
	from /Users/Bakiss/.passenger/standalone/3.0.2-universal-ruby1.8.7-x86_64-macosx-10.6/support/lib/phusion_passenger/abstract_server.rb:180:in `start'
	from /Users/Bakiss/.passenger/standalone/3.0.2-universal-ruby1.8.7-x86_64-macosx-10.6/support/lib/phusion_passenger/classic_rails/application_spawner.rb:149:in `start'
	from /Users/Bakiss/.passenger/standalone/3.0.2-universal-ruby1.8.7-x86_64-macosx-10.6/support/lib/phusion_passenger/spawn_manager.rb:219:in `spawn_rails_application'
	from /Users/Bakiss/.passenger/standalone/3.0.2-universal-ruby1.8.7-x86_64-macosx-10.6/support/lib/phusion_passenger/abstract_server_collection.rb:132:in `lookup_or_add'
	from /Users/Bakiss/.passenger/standalone/3.0.2-universal-ruby1.8.7-x86_64-macosx-10.6/support/lib/phusion_passenger/spawn_manager.rb:214:in `spawn_rails_application'
	from /Users/Bakiss/.passenger/standalone/3.0.2-universal-ruby1.8.7-x86_64-macosx-10.6/support/lib/phusion_passenger/abstract_server_collection.rb:82:in `synchronize'
	from /Users/Bakiss/.passenger/standalone/3.0.2-universal-ruby1.8.7-x86_64-macosx-10.6/support/lib/phusion_passenger/abstract_server_collection.rb:79:in `synchronize'
	from /Users/Bakiss/.passenger/standalone/3.0.2-universal-ruby1.8.7-x86_64-macosx-10.6/support/lib/phusion_passenger/spawn_manager.rb:213:in `spawn_rails_application'
	from /Users/Bakiss/.passenger/standalone/3.0.2-universal-ruby1.8.7-x86_64-macosx-10.6/support/lib/phusion_passenger/spawn_manager.rb:132:in `spawn_application'
	from /Users/Bakiss/.passenger/standalone/3.0.2-universal-ruby1.8.7-x86_64-macosx-10.6/support/lib/phusion_passenger/spawn_manager.rb:275:in `handle_spawn_application'
	from /Users/Bakiss/.passenger/standalone/3.0.2-universal-ruby1.8.7-x86_64-macosx-10.6/support/lib/phusion_passenger/abstract_server.rb:357:in `__send__'
	from /Users/Bakiss/.passenger/standalone/3.0.2-universal-ruby1.8.7-x86_64-macosx-10.6/support/lib/phusion_passenger/abstract_server.rb:357:in `server_main_loop'
	from /Users/Bakiss/.passenger/standalone/3.0.2-universal-ruby1.8.7-x86_64-macosx-10.6/support/lib/phusion_passenger/abstract_server.rb:206:in `start_synchronously'
	from /Users/Bakiss/.passenger/standalone/3.0.2-universal-ruby1.8.7-x86_64-macosx-10.6/support/helper-scripts/passenger-spawn-server:99
/Users/Bakiss/.passenger/standalone/3.0.2-universal-ruby1.8.7-x86_64-macosx-10.6/support/lib/phusion_passenger/platform_info.rb:146: warning: Insecure world writable dir /usr/local/bin in PATH, mode 040777
[ pid=38438 thr=2148278700 file=utils.rb:176 time=2011-02-02 19:13:22.263 ]: *** Exception PhusionPassenger::UnknownError in PhusionPassenger::ClassicRails::ApplicationSpawner (Could not find sqlite3-ruby-1.3.2 in any of the sources (Bundler::GemNotFound)) (process 38438, thread #<Thread:0x100184358>):
	from /Library/Ruby/Gems/1.8/gems/bundler-1.0.7/lib/bundler/spec_set.rb:87:in `materialize'
	from /Library/Ruby/Gems/1.8/gems/bundler-1.0.7/lib/bundler/spec_set.rb:81:in `map!'
	from /Library/Ruby/Gems/1.8/gems/bundler-1.0.7/lib/bundler/spec_set.rb:81:in `materialize'
	from /Library/Ruby/Gems/1.8/gems/bundler-1.0.7/lib/bundler/definition.rb:90:in `specs'
	from /Library/Ruby/Gems/1.8/gems/bundler-1.0.7/lib/bundler/definition.rb:135:in `specs_for'
	from /Library/Ruby/Gems/1.8/gems/bundler-1.0.7/lib/bundler/definition.rb:124:in `requested_specs'
	from /Library/Ruby/Gems/1.8/gems/bundler-1.0.7/lib/bundler/environment.rb:23:in `requested_specs'
	from /Library/Ruby/Gems/1.8/gems/bundler-1.0.7/lib/bundler/runtime.rb:11:in `setup'
	from /Library/Ruby/Gems/1.8/gems/bundler-1.0.7/lib/bundler.rb:100:in `setup'
	from /Users/Bakiss/.passenger/standalone/3.0.2-universal-ruby1.8.7-x86_64-macosx-10.6/support/lib/phusion_passenger/utils.rb:326:in `prepare_app_process'
	from /Users/Bakiss/.passenger/standalone/3.0.2-universal-ruby1.8.7-x86_64-macosx-10.6/support/lib/phusion_passenger/classic_rails/application_spawner.rb:176:in `initialize_server'
	from /Users/Bakiss/.passenger/standalone/3.0.2-universal-ruby1.8.7-x86_64-macosx-10.6/support/lib/phusion_passenger/utils.rb:564:in `report_app_init_status'
	from /Users/Bakiss/.passenger/standalone/3.0.2-universal-ruby1.8.7-x86_64-macosx-10.6/support/lib/phusion_passenger/classic_rails/application_spawner.rb:174:in `initialize_server'
	from /Users/Bakiss/.passenger/standalone/3.0.2-universal-ruby1.8.7-x86_64-macosx-10.6/support/lib/phusion_passenger/abstract_server.rb:204:in `start_synchronously'
	from /Users/Bakiss/.passenger/standalone/3.0.2-universal-ruby1.8.7-x86_64-macosx-10.6/support/lib/phusion_passenger/abstract_server.rb:180:in `start'
	from /Users/Bakiss/.passenger/standalone/3.0.2-universal-ruby1.8.7-x86_64-macosx-10.6/support/lib/phusion_passenger/classic_rails/application_spawner.rb:149:in `start'
	from /Users/Bakiss/.passenger/standalone/3.0.2-universal-ruby1.8.7-x86_64-macosx-10.6/support/lib/phusion_passenger/spawn_manager.rb:219:in `spawn_rails_application'
	from /Users/Bakiss/.passenger/standalone/3.0.2-universal-ruby1.8.7-x86_64-macosx-10.6/support/lib/phusion_passenger/abstract_server_collection.rb:132:in `lookup_or_add'
	from /Users/Bakiss/.passenger/standalone/3.0.2-universal-ruby1.8.7-x86_64-macosx-10.6/support/lib/phusion_passenger/spawn_manager.rb:214:in `spawn_rails_application'
	from /Users/Bakiss/.passenger/standalone/3.0.2-universal-ruby1.8.7-x86_64-macosx-10.6/support/lib/phusion_passenger/abstract_server_collection.rb:82:in `synchronize'
	from /Users/Bakiss/.passenger/standalone/3.0.2-universal-ruby1.8.7-x86_64-macosx-10.6/support/lib/phusion_passenger/abstract_server_collection.rb:79:in `synchronize'
	from /Users/Bakiss/.passenger/standalone/3.0.2-universal-ruby1.8.7-x86_64-macosx-10.6/support/lib/phusion_passenger/spawn_manager.rb:213:in `spawn_rails_application'
	from /Users/Bakiss/.passenger/standalone/3.0.2-universal-ruby1.8.7-x86_64-macosx-10.6/support/lib/phusion_passenger/spawn_manager.rb:132:in `spawn_application'
	from /Users/Bakiss/.passenger/standalone/3.0.2-universal-ruby1.8.7-x86_64-macosx-10.6/support/lib/phusion_passenger/spawn_manager.rb:275:in `handle_spawn_application'
	from /Users/Bakiss/.passenger/standalone/3.0.2-universal-ruby1.8.7-x86_64-macosx-10.6/support/lib/phusion_passenger/abstract_server.rb:357:in `__send__'
	from /Users/Bakiss/.passenger/standalone/3.0.2-universal-ruby1.8.7-x86_64-macosx-10.6/support/lib/phusion_passenger/abstract_server.rb:357:in `server_main_loop'
	from /Users/Bakiss/.passenger/standalone/3.0.2-universal-ruby1.8.7-x86_64-macosx-10.6/support/lib/phusion_passenger/abstract_server.rb:206:in `start_synchronously'
	from /Users/Bakiss/.passenger/standalone/3.0.2-universal-ruby1.8.7-x86_64-macosx-10.6/support/helper-scripts/passenger-spawn-server:99
[ pid=38438 thr=2148278700 file=utils.rb:176 time=2011-02-02 19:23:21.166 ]: *** Exception PhusionPassenger::UnknownError in PhusionPassenger::ClassicRails::ApplicationSpawner (Could not find sqlite3-ruby-1.3.2 in any of the sources (Bundler::GemNotFound)) (process 38438, thread #<Thread:0x100184358>):
	from /Library/Ruby/Gems/1.8/gems/bundler-1.0.7/lib/bundler/spec_set.rb:87:in `materialize'
	from /Library/Ruby/Gems/1.8/gems/bundler-1.0.7/lib/bundler/spec_set.rb:81:in `map!'
	from /Library/Ruby/Gems/1.8/gems/bundler-1.0.7/lib/bundler/spec_set.rb:81:in `materialize'
	from /Library/Ruby/Gems/1.8/gems/bundler-1.0.7/lib/bundler/definition.rb:90:in `specs'
	from /Library/Ruby/Gems/1.8/gems/bundler-1.0.7/lib/bundler/definition.rb:135:in `specs_for'
	from /Library/Ruby/Gems/1.8/gems/bundler-1.0.7/lib/bundler/definition.rb:124:in `requested_specs'
	from /Library/Ruby/Gems/1.8/gems/bundler-1.0.7/lib/bundler/environment.rb:23:in `requested_specs'
	from /Library/Ruby/Gems/1.8/gems/bundler-1.0.7/lib/bundler/runtime.rb:11:in `setup'
	from /Library/Ruby/Gems/1.8/gems/bundler-1.0.7/lib/bundler.rb:100:in `setup'
	from /Users/Bakiss/.passenger/standalone/3.0.2-universal-ruby1.8.7-x86_64-macosx-10.6/support/lib/phusion_passenger/utils.rb:326:in `prepare_app_process'
	from /Users/Bakiss/.passenger/standalone/3.0.2-universal-ruby1.8.7-x86_64-macosx-10.6/support/lib/phusion_passenger/classic_rails/application_spawner.rb:176:in `initialize_server'
	from /Users/Bakiss/.passenger/standalone/3.0.2-universal-ruby1.8.7-x86_64-macosx-10.6/support/lib/phusion_passenger/utils.rb:564:in `report_app_init_status'
	from /Users/Bakiss/.passenger/standalone/3.0.2-universal-ruby1.8.7-x86_64-macosx-10.6/support/lib/phusion_passenger/classic_rails/application_spawner.rb:174:in `initialize_server'
	from /Users/Bakiss/.passenger/standalone/3.0.2-universal-ruby1.8.7-x86_64-macosx-10.6/support/lib/phusion_passenger/abstract_server.rb:204:in `start_synchronously'
	from /Users/Bakiss/.passenger/standalone/3.0.2-universal-ruby1.8.7-x86_64-macosx-10.6/support/lib/phusion_passenger/abstract_server.rb:180:in `start'
	from /Users/Bakiss/.passenger/standalone/3.0.2-universal-ruby1.8.7-x86_64-macosx-10.6/support/lib/phusion_passenger/classic_rails/application_spawner.rb:149:in `start'
	from /Users/Bakiss/.passenger/standalone/3.0.2-universal-ruby1.8.7-x86_64-macosx-10.6/support/lib/phusion_passenger/spawn_manager.rb:219:in `spawn_rails_application'
	from /Users/Bakiss/.passenger/standalone/3.0.2-universal-ruby1.8.7-x86_64-macosx-10.6/support/lib/phusion_passenger/abstract_server_collection.rb:132:in `lookup_or_add'
	from /Users/Bakiss/.passenger/standalone/3.0.2-universal-ruby1.8.7-x86_64-macosx-10.6/support/lib/phusion_passenger/spawn_manager.rb:214:in `spawn_rails_application'
	from /Users/Bakiss/.passenger/standalone/3.0.2-universal-ruby1.8.7-x86_64-macosx-10.6/support/lib/phusion_passenger/abstract_server_collection.rb:82:in `synchronize'
	from /Users/Bakiss/.passenger/standalone/3.0.2-universal-ruby1.8.7-x86_64-macosx-10.6/support/lib/phusion_passenger/abstract_server_collection.rb:79:in `synchronize'
	from /Users/Bakiss/.passenger/standalone/3.0.2-universal-ruby1.8.7-x86_64-macosx-10.6/support/lib/phusion_passenger/spawn_manager.rb:213:in `spawn_rails_application'
	from /Users/Bakiss/.passenger/standalone/3.0.2-universal-ruby1.8.7-x86_64-macosx-10.6/support/lib/phusion_passenger/spawn_manager.rb:132:in `spawn_application'
	from /Users/Bakiss/.passenger/standalone/3.0.2-universal-ruby1.8.7-x86_64-macosx-10.6/support/lib/phusion_passenger/spawn_manager.rb:275:in `handle_spawn_application'
	from /Users/Bakiss/.passenger/standalone/3.0.2-universal-ruby1.8.7-x86_64-macosx-10.6/support/lib/phusion_passenger/abstract_server.rb:357:in `__send__'
	from /Users/Bakiss/.passenger/standalone/3.0.2-universal-ruby1.8.7-x86_64-macosx-10.6/support/lib/phusion_passenger/abstract_server.rb:357:in `server_main_loop'
	from /Users/Bakiss/.passenger/standalone/3.0.2-universal-ruby1.8.7-x86_64-macosx-10.6/support/lib/phusion_passenger/abstract_server.rb:206:in `start_synchronously'
	from /Users/Bakiss/.passenger/standalone/3.0.2-universal-ruby1.8.7-x86_64-macosx-10.6/support/helper-scripts/passenger-spawn-server:99
/Users/Bakiss/.passenger/standalone/3.0.2-universal-ruby1.8.7-x86_64-macosx-10.6/support/lib/phusion_passenger/platform_info.rb:146: warning: Insecure world writable dir /usr/local/bin in PATH, mode 040777
