This file contains any messages produced by compilers while
running configure, to aid debugging if configure makes a mistake.

It was created by sqlite configure 3.7.5, which was
generated by GNU Autoconf 2.62.  Invocation command line was

  $ ./configure 

## --------- ##
## Platform. ##
## --------- ##

hostname = Poomphat-techapoonpons-MacBook.local
uname -m = i386
uname -r = 10.6.0
uname -s = Darwin
uname -v = Darwin Kernel Version 10.6.0: Wed Nov 10 18:13:17 PST 2010; root:xnu-1504.9.26~3/RELEASE_I386

/usr/bin/uname -p = i386
/bin/uname -X     = unknown

/bin/arch              = unknown
/usr/bin/arch -k       = unknown
/usr/convex/getsysinfo = unknown
/usr/bin/hostinfo      = Mach kernel version:
	 Darwin Kernel Version 10.6.0: Wed Nov 10 18:13:17 PST 2010; root:xnu-1504.9.26~3/RELEASE_I386
Kernel configured for up to 2 processors.
2 processors are physically available.
2 processors are logically available.
Processor type: i486 (Intel 80486)
Processors active: 0 1
Primary memory available: 2.00 gigabytes
Default processor set: 116 tasks, 521 threads, 2 processors
Load average: 1.16, Mach factor: 0.89
/bin/machine           = unknown
/usr/bin/oslevel       = unknown
/bin/universe          = unknown

PATH: /usr/local/bin
PATH: /usr/bin
PATH: /bin
PATH: /usr/sbin
PATH: /sbin
PATH: /usr/local/git/bin
PATH: /usr/X11/bin


## ----------- ##
## Core tests. ##
## ----------- ##

configure:2092: checking for a BSD-compatible install
configure:2160: result: /usr/bin/install -c
configure:2171: checking whether build environment is sane
configure:2214: result: yes
configure:2276: checking for gawk
configure:2306: result: no
configure:2276: checking for mawk
configure:2306: result: no
configure:2276: checking for nawk
configure:2306: result: no
configure:2276: checking for awk
configure:2292: found /usr/bin/awk
configure:2303: result: awk
configure:2314: checking whether make sets $(MAKE)
configure:2336: result: yes
configure:2533: checking for style of include used by make
configure:2561: result: GNU
configure:2634: checking for gcc
configure:2650: found /usr/bin/gcc
configure:2661: result: gcc
configure:2899: checking for C compiler version
configure:2907: gcc --version >&5
i686-apple-darwin10-gcc-4.2.1 (GCC) 4.2.1 (Apple Inc. build 5664)
Copyright (C) 2007 Free Software Foundation, Inc.
This is free software; see the source for copying conditions.  There is NO
warranty; not even for MERCHANTABILITY or FITNESS FOR A PARTICULAR PURPOSE.

configure:2911: $? = 0
configure:2918: gcc -v >&5
Using built-in specs.
Target: i686-apple-darwin10
Configured with: /var/tmp/gcc/gcc-5664~105/src/configure --disable-checking --enable-werror --prefix=/usr --mandir=/share/man --enable-languages=c,objc,c++,obj-c++ --program-transform-name=/^[cg][^.-]*$/s/$/-4.2/ --with-slibdir=/usr/lib --build=i686-apple-darwin10 --program-prefix=i686-apple-darwin10- --host=x86_64-apple-darwin10 --target=i686-apple-darwin10 --with-gxx-include-dir=/include/c++/4.2.1
Thread model: posix
gcc version 4.2.1 (Apple Inc. build 5664)
configure:2922: $? = 0
configure:2929: gcc -V >&5
gcc-4.2: argument to `-V' is missing
configure:2933: $? = 1
configure:2956: checking for C compiler default output file name
configure:2978: gcc    conftest.c  >&5
configure:2982: $? = 0
configure:3020: result: a.out
configure:3037: checking whether the C compiler works
configure:3047: ./a.out
configure:3051: $? = 0
configure:3068: result: yes
configure:3075: checking whether we are cross compiling
configure:3077: result: no
configure:3080: checking for suffix of executables
configure:3087: gcc -o conftest    conftest.c  >&5
configure:3091: $? = 0
configure:3115: result: 
configure:3121: checking for suffix of object files
configure:3147: gcc -c   conftest.c >&5
configure:3151: $? = 0
configure:3174: result: o
configure:3178: checking whether we are using the GNU C compiler
configure:3207: gcc -c   conftest.c >&5
configure:3214: $? = 0
configure:3231: result: yes
configure:3240: checking whether gcc accepts -g
configure:3270: gcc -c -g  conftest.c >&5
configure:3277: $? = 0
configure:3378: result: yes
configure:3395: checking for gcc option to accept ISO C89
configure:3469: gcc  -c -g -O2  conftest.c >&5
configure:3476: $? = 0
configure:3499: result: none needed
configure:3519: checking dependency style of gcc
configure:3609: result: gcc3
configure:3634: checking for special C compiler options needed for large files
configure:3729: result: no
configure:3735: checking for _FILE_OFFSET_BITS value needed for large files
configure:3770: gcc -c -g -O2  conftest.c >&5
configure:3777: $? = 0
configure:3846: result: no
configure:4033: checking for gcc
configure:4060: result: gcc
configure:4298: checking for C compiler version
configure:4306: gcc --version >&5
i686-apple-darwin10-gcc-4.2.1 (GCC) 4.2.1 (Apple Inc. build 5664)
Copyright (C) 2007 Free Software Foundation, Inc.
This is free software; see the source for copying conditions.  There is NO
warranty; not even for MERCHANTABILITY or FITNESS FOR A PARTICULAR PURPOSE.

configure:4310: $? = 0
configure:4317: gcc -v >&5
Using built-in specs.
Target: i686-apple-darwin10
Configured with: /var/tmp/gcc/gcc-5664~105/src/configure --disable-checking --enable-werror --prefix=/usr --mandir=/share/man --enable-languages=c,objc,c++,obj-c++ --program-transform-name=/^[cg][^.-]*$/s/$/-4.2/ --with-slibdir=/usr/lib --build=i686-apple-darwin10 --program-prefix=i686-apple-darwin10- --host=x86_64-apple-darwin10 --target=i686-apple-darwin10 --with-gxx-include-dir=/include/c++/4.2.1
Thread model: posix
gcc version 4.2.1 (Apple Inc. build 5664)
configure:4321: $? = 0
configure:4328: gcc -V >&5
gcc-4.2: argument to `-V' is missing
configure:4332: $? = 1
configure:4335: checking whether we are using the GNU C compiler
configure:4388: result: yes
configure:4397: checking whether gcc accepts -g
configure:4535: result: yes
configure:4552: checking for gcc option to accept ISO C89
configure:4656: result: none needed
configure:4676: checking dependency style of gcc
configure:4766: result: gcc3
configure:4826: checking for ranlib
configure:4842: found /usr/bin/ranlib
configure:4853: result: ranlib
configure:4957: checking build system type
configure:4975: result: i686-apple-darwin10.6.0
configure:4997: checking host system type
configure:5012: result: i686-apple-darwin10.6.0
configure:5034: checking for a sed that does not truncate output
configure:5088: result: /usr/bin/sed
configure:5091: checking for grep that handles long lines and -e
configure:5151: result: /usr/bin/grep
configure:5156: checking for egrep
configure:5220: result: /usr/bin/grep -E
configure:5236: checking for ld used by gcc
configure:5303: result: /usr/libexec/gcc/i686-apple-darwin10/4.2.1/ld
configure:5312: checking if the linker (/usr/libexec/gcc/i686-apple-darwin10/4.2.1/ld) is GNU ld
configure:5327: result: no
configure:5332: checking for /usr/libexec/gcc/i686-apple-darwin10/4.2.1/ld option to reload object files
configure:5339: result: -r
configure:5357: checking for BSD-compatible nm
configure:5406: result: /usr/bin/nm
configure:5410: checking whether ln -s works
configure:5414: result: yes
configure:5421: checking how to recognise dependent libraries
configure:5597: result: pass_all
configure:5834: checking how to run the C preprocessor
configure:5874: gcc -E  conftest.c
configure:5881: $? = 0
configure:5912: gcc -E  conftest.c
conftest.c:10:28: error: ac_nonexistent.h: No such file or directory
configure:5919: $? = 1
configure: failed program was:
| /* confdefs.h.  */
| #define PACKAGE_NAME "sqlite"
| #define PACKAGE_TARNAME "sqlite"
| #define PACKAGE_VERSION "3.7.5"
| #define PACKAGE_STRING "sqlite 3.7.5"
| #define PACKAGE_BUGREPORT "http://www.sqlite.org"
| #define PACKAGE "sqlite"
| #define VERSION "3.7.5"
| /* end confdefs.h.  */
| #include <ac_nonexistent.h>
configure:5952: result: gcc -E
configure:5981: gcc -E  conftest.c
configure:5988: $? = 0
configure:6019: gcc -E  conftest.c
conftest.c:10:28: error: ac_nonexistent.h: No such file or directory
configure:6026: $? = 1
configure: failed program was:
| /* confdefs.h.  */
| #define PACKAGE_NAME "sqlite"
| #define PACKAGE_TARNAME "sqlite"
| #define PACKAGE_VERSION "3.7.5"
| #define PACKAGE_STRING "sqlite 3.7.5"
| #define PACKAGE_BUGREPORT "http://www.sqlite.org"
| #define PACKAGE "sqlite"
| #define VERSION "3.7.5"
| /* end confdefs.h.  */
| #include <ac_nonexistent.h>
configure:6064: checking for ANSI C header files
configure:6094: gcc -c -g -O2  conftest.c >&5
configure:6101: $? = 0
configure:6200: gcc -o conftest -g -O2   conftest.c  >&5
configure:6204: $? = 0
configure:6210: ./conftest
configure:6214: $? = 0
configure:6232: result: yes
configure:6256: checking for sys/types.h
configure:6277: gcc -c -g -O2  conftest.c >&5
configure:6284: $? = 0
configure:6301: result: yes
configure:6256: checking for sys/stat.h
configure:6277: gcc -c -g -O2  conftest.c >&5
configure:6284: $? = 0
configure:6301: result: yes
configure:6256: checking for stdlib.h
configure:6277: gcc -c -g -O2  conftest.c >&5
configure:6284: $? = 0
configure:6301: result: yes
configure:6256: checking for string.h
configure:6277: gcc -c -g -O2  conftest.c >&5
configure:6284: $? = 0
configure:6301: result: yes
configure:6256: checking for memory.h
configure:6277: gcc -c -g -O2  conftest.c >&5
configure:6284: $? = 0
configure:6301: result: yes
configure:6256: checking for strings.h
configure:6277: gcc -c -g -O2  conftest.c >&5
configure:6284: $? = 0
configure:6301: result: yes
configure:6256: checking for inttypes.h
configure:6277: gcc -c -g -O2  conftest.c >&5
configure:6284: $? = 0
configure:6301: result: yes
configure:6256: checking for stdint.h
configure:6277: gcc -c -g -O2  conftest.c >&5
configure:6284: $? = 0
configure:6301: result: yes
configure:6256: checking for unistd.h
configure:6277: gcc -c -g -O2  conftest.c >&5
configure:6284: $? = 0
configure:6301: result: yes
configure:6330: checking dlfcn.h usability
configure:6347: gcc -c -g -O2  conftest.c >&5
configure:6354: $? = 0
configure:6368: result: yes
configure:6372: checking dlfcn.h presence
configure:6387: gcc -E  conftest.c
configure:6394: $? = 0
configure:6408: result: yes
configure:6441: checking for dlfcn.h
configure:6450: result: yes
configure:6522: checking for g++
configure:6538: found /usr/bin/g++
configure:6549: result: g++
configure:6580: checking for C++ compiler version
configure:6588: g++ --version >&5
i686-apple-darwin10-g++-4.2.1 (GCC) 4.2.1 (Apple Inc. build 5664)
Copyright (C) 2007 Free Software Foundation, Inc.
This is free software; see the source for copying conditions.  There is NO
warranty; not even for MERCHANTABILITY or FITNESS FOR A PARTICULAR PURPOSE.

configure:6592: $? = 0
configure:6599: g++ -v >&5
Using built-in specs.
Target: i686-apple-darwin10
Configured with: /var/tmp/gcc/gcc-5664~105/src/configure --disable-checking --enable-werror --prefix=/usr --mandir=/share/man --enable-languages=c,objc,c++,obj-c++ --program-transform-name=/^[cg][^.-]*$/s/$/-4.2/ --with-slibdir=/usr/lib --build=i686-apple-darwin10 --program-prefix=i686-apple-darwin10- --host=x86_64-apple-darwin10 --target=i686-apple-darwin10 --with-gxx-include-dir=/include/c++/4.2.1
Thread model: posix
gcc version 4.2.1 (Apple Inc. build 5664)
configure:6603: $? = 0
configure:6610: g++ -V >&5
g++-4.2: argument to `-V' is missing
configure:6614: $? = 1
configure:6617: checking whether we are using the GNU C++ compiler
configure:6646: g++ -c   conftest.cpp >&5
configure:6653: $? = 0
configure:6670: result: yes
configure:6679: checking whether g++ accepts -g
configure:6709: g++ -c -g  conftest.cpp >&5
configure:6716: $? = 0
configure:6817: result: yes
configure:6842: checking dependency style of g++
configure:6932: result: gcc3
configure:6959: checking how to run the C++ preprocessor
configure:6995: g++ -E  conftest.cpp
configure:7002: $? = 0
configure:7033: g++ -E  conftest.cpp
conftest.cpp:21:28: error: ac_nonexistent.h: No such file or directory
configure:7040: $? = 1
configure: failed program was:
| /* confdefs.h.  */
| #define PACKAGE_NAME "sqlite"
| #define PACKAGE_TARNAME "sqlite"
| #define PACKAGE_VERSION "3.7.5"
| #define PACKAGE_STRING "sqlite 3.7.5"
| #define PACKAGE_BUGREPORT "http://www.sqlite.org"
| #define PACKAGE "sqlite"
| #define VERSION "3.7.5"
| #define STDC_HEADERS 1
| #define HAVE_SYS_TYPES_H 1
| #define HAVE_SYS_STAT_H 1
| #define HAVE_STDLIB_H 1
| #define HAVE_STRING_H 1
| #define HAVE_MEMORY_H 1
| #define HAVE_STRINGS_H 1
| #define HAVE_INTTYPES_H 1
| #define HAVE_STDINT_H 1
| #define HAVE_UNISTD_H 1
| #define HAVE_DLFCN_H 1
| /* end confdefs.h.  */
| #include <ac_nonexistent.h>
configure:7073: result: g++ -E
configure:7102: g++ -E  conftest.cpp
configure:7109: $? = 0
configure:7140: g++ -E  conftest.cpp
conftest.cpp:21:28: error: ac_nonexistent.h: No such file or directory
configure:7147: $? = 1
configure: failed program was:
| /* confdefs.h.  */
| #define PACKAGE_NAME "sqlite"
| #define PACKAGE_TARNAME "sqlite"
| #define PACKAGE_VERSION "3.7.5"
| #define PACKAGE_STRING "sqlite 3.7.5"
| #define PACKAGE_BUGREPORT "http://www.sqlite.org"
| #define PACKAGE "sqlite"
| #define VERSION "3.7.5"
| #define STDC_HEADERS 1
| #define HAVE_SYS_TYPES_H 1
| #define HAVE_SYS_STAT_H 1
| #define HAVE_STDLIB_H 1
| #define HAVE_STRING_H 1
| #define HAVE_MEMORY_H 1
| #define HAVE_STRINGS_H 1
| #define HAVE_INTTYPES_H 1
| #define HAVE_STDINT_H 1
| #define HAVE_UNISTD_H 1
| #define HAVE_DLFCN_H 1
| /* end confdefs.h.  */
| #include <ac_nonexistent.h>
configure:7240: checking for g77
configure:7270: result: no
configure:7240: checking for xlf
configure:7270: result: no
configure:7240: checking for f77
configure:7270: result: no
configure:7240: checking for frt
configure:7270: result: no
configure:7240: checking for pgf77
configure:7270: result: no
configure:7240: checking for cf77
configure:7270: result: no
configure:7240: checking for fort77
configure:7270: result: no
configure:7240: checking for fl32
configure:7270: result: no
configure:7240: checking for af77
configure:7270: result: no
configure:7240: checking for xlf90
configure:7270: result: no
configure:7240: checking for f90
configure:7270: result: no
configure:7240: checking for pgf90
configure:7270: result: no
configure:7240: checking for pghpf
configure:7270: result: no
configure:7240: checking for epcf90
configure:7270: result: no
configure:7240: checking for gfortran
configure:7270: result: no
configure:7240: checking for g95
configure:7270: result: no
configure:7240: checking for xlf95
configure:7270: result: no
configure:7240: checking for f95
configure:7270: result: no
configure:7240: checking for fort
configure:7270: result: no
configure:7240: checking for ifort
configure:7270: result: no
configure:7240: checking for ifc
configure:7270: result: no
configure:7240: checking for efc
configure:7270: result: no
configure:7240: checking for pgf95
configure:7270: result: no
configure:7240: checking for lf95
configure:7270: result: no
configure:7240: checking for ftn
configure:7270: result: no
configure:7297: checking for Fortran 77 compiler version
configure:7305:  --version >&5
./configure: line 7307: --version: command not found
configure:7309: $? = 127
configure:7316:  -v >&5
./configure: line 7318: -v: command not found
configure:7320: $? = 127
configure:7327:  -V >&5
./configure: line 7329: -V: command not found
configure:7331: $? = 127
configure:7339: checking whether we are using the GNU Fortran 77 compiler
configure:7358:  -c  conftest.F >&5
./configure: line 7360: -c: command not found
configure:7365: $? = 127
configure: failed program was:
|       program main
| #ifndef __GNUC__
|        choke me
| #endif
| 
|       end
configure:7382: result: no
configure:7388: checking whether  accepts -g
configure:7405:  -c -g conftest.f >&5
./configure: line 7407: -c: command not found
configure:7412: $? = 127
configure: failed program was:
|       program main
| 
|       end
configure:7428: result: no
configure:7462: checking the maximum length of command line arguments
configure:7571: result: 196608
configure:7582: checking command to parse /usr/bin/nm output from gcc object
configure:7687: gcc -c -g -O2  conftest.c >&5
configure:7690: $? = 0
configure:7694: /usr/bin/nm conftest.o \| sed -n -e 's/^.*[ 	]\([BCDEGRST][BCDEGRST]*\)[ 	][ 	]*\([_A-Za-z][_A-Za-z0-9]*\)$/\1 \2 \2/p' \> conftest.nm
configure:7697: $? = 0
cannot find nm_test_var in conftest.nm
configure:7687: gcc -c -g -O2  conftest.c >&5
configure:7690: $? = 0
configure:7694: /usr/bin/nm conftest.o \| sed -n -e 's/^.*[ 	]\([BCDEGRST][BCDEGRST]*\)[ 	][ 	]*_\([_A-Za-z][_A-Za-z0-9]*\)$/\1 _\2 \2/p' \> conftest.nm
configure:7697: $? = 0
configure:7749: gcc -o conftest -g -O2   conftest.c conftstm.o >&5
configure:7752: $? = 0
configure:7790: result: ok
configure:7794: checking for objdir
configure:7809: result: .libs
configure:7901: checking for ar
configure:7917: found /usr/bin/ar
configure:7928: result: ar
configure:7997: checking for ranlib
configure:8024: result: ranlib
configure:8093: checking for strip
configure:8109: found /usr/bin/strip
configure:8120: result: strip
configure:8406: checking if gcc supports -fno-rtti -fno-exceptions
configure:8424: gcc -c -g -O2  -fno-rtti -fno-exceptions conftest.c >&5
cc1: warning: command line option "-fno-rtti" is valid for C++/ObjC++ but not for C
configure:8428: $? = 0
configure:8441: result: no
configure:8456: checking for gcc option to produce PIC
configure:8666: result: -fno-common
configure:8674: checking if gcc PIC flag -fno-common works
configure:8692: gcc -c -g -O2  -fno-common -DPIC conftest.c >&5
configure:8696: $? = 0
configure:8709: result: yes
configure:8737: checking if gcc static flag -static works
configure:8765: result: no
configure:8775: checking if gcc supports -c -o file.o
configure:8796: gcc -c -g -O2  -o out/conftest2.o conftest.c >&5
configure:8800: $? = 0
configure:8822: result: yes
configure:8848: checking whether the gcc linker (/usr/libexec/gcc/i686-apple-darwin10/4.2.1/ld) supports shared libraries
configure:9810: result: yes
configure:9877: checking dynamic linker characteristics
configure:10465: result: darwin10.6.0 dyld
configure:10474: checking how to hardcode library paths into programs
configure:10499: result: immediate
configure:10513: checking whether stripping libraries is possible
configure:10526: result: yes
configure:11347: checking if libtool supports shared libraries
configure:11349: result: yes
configure:11352: checking whether to build shared libraries
configure:11373: result: yes
configure:11376: checking whether to build static libraries
configure:11380: result: yes
configure:11472: creating libtool
configure:12060: checking for ld used by g++
configure:12127: result: /usr/libexec/gcc/i686-apple-darwin10/4.2.1/ld
configure:12136: checking if the linker (/usr/libexec/gcc/i686-apple-darwin10/4.2.1/ld) is GNU ld
configure:12151: result: no
configure:12202: checking whether the g++ linker (/usr/libexec/gcc/i686-apple-darwin10/4.2.1/ld) supports shared libraries
configure:13144: result: yes
configure:13162: g++ -c -g -O2  conftest.cpp >&5
configure:13165: $? = 0
configure:13284: checking for g++ option to produce PIC
configure:13558: result: -fno-common
configure:13566: checking if g++ PIC flag -fno-common works
configure:13584: g++ -c -g -O2  -fno-common -DPIC conftest.cpp >&5
configure:13588: $? = 0
configure:13601: result: yes
configure:13629: checking if g++ static flag -static works
configure:13657: result: no
configure:13667: checking if g++ supports -c -o file.o
configure:13688: g++ -c -g -O2  -o out/conftest2.o conftest.cpp >&5
configure:13692: $? = 0
configure:13714: result: yes
configure:13740: checking whether the g++ linker (/usr/libexec/gcc/i686-apple-darwin10/4.2.1/ld) supports shared libraries
configure:13765: result: yes
configure:13832: checking dynamic linker characteristics
configure:14420: result: darwin10.6.0 dyld
configure:14429: checking how to hardcode library paths into programs
configure:14454: result: immediate
configure:20620: checking for fdatasync
configure:20676: gcc -o conftest -g -O2   conftest.c  >&5
configure:20683: $? = 0
configure:20705: result: yes
configure:20620: checking for usleep
configure:20676: gcc -o conftest -g -O2   conftest.c  >&5
configure:20683: $? = 0
configure:20705: result: yes
configure:20620: checking for fullfsync
configure:20676: gcc -o conftest -g -O2   conftest.c  >&5
Undefined symbols:
  "_fullfsync", referenced from:
      _main in ccRlUh2Y.o
ld: symbol(s) not found
collect2: ld returned 1 exit status
configure:20683: $? = 1
configure: failed program was:
| /* confdefs.h.  */
| #define PACKAGE_NAME "sqlite"
| #define PACKAGE_TARNAME "sqlite"
| #define PACKAGE_VERSION "3.7.5"
| #define PACKAGE_STRING "sqlite 3.7.5"
| #define PACKAGE_BUGREPORT "http://www.sqlite.org"
| #define PACKAGE "sqlite"
| #define VERSION "3.7.5"
| #define STDC_HEADERS 1
| #define HAVE_SYS_TYPES_H 1
| #define HAVE_SYS_STAT_H 1
| #define HAVE_STDLIB_H 1
| #define HAVE_STRING_H 1
| #define HAVE_MEMORY_H 1
| #define HAVE_STRINGS_H 1
| #define HAVE_INTTYPES_H 1
| #define HAVE_STDINT_H 1
| #define HAVE_UNISTD_H 1
| #define HAVE_DLFCN_H 1
| #define HAVE_FDATASYNC 1
| #define HAVE_USLEEP 1
| /* end confdefs.h.  */
| /* Define fullfsync to an innocuous variant, in case <limits.h> declares fullfsync.
|    For example, HP-UX 11i <limits.h> declares gettimeofday.  */
| #define fullfsync innocuous_fullfsync
| 
| /* System header to define __stub macros and hopefully few prototypes,
|     which can conflict with char fullfsync (); below.
|     Prefer <limits.h> to <assert.h> if __STDC__ is defined, since
|     <limits.h> exists even on freestanding compilers.  */
| 
| #ifdef __STDC__
| # include <limits.h>
| #else
| # include <assert.h>
| #endif
| 
| #undef fullfsync
| 
| /* Override any GCC internal prototype to avoid an error.
|    Use char because int might match the return type of a GCC
|    builtin and then its argument prototype would still apply.  */
| #ifdef __cplusplus
| extern "C"
| #endif
| char fullfsync ();
| /* The GNU C library defines this for functions which it implements
|     to always fail with ENOSYS.  Some functions are actually named
|     something starting with __ and the normal name is an alias.  */
| #if defined __stub_fullfsync || defined __stub___fullfsync
| choke me
| #endif
| 
| int
| main ()
| {
| return fullfsync ();
|   ;
|   return 0;
| }
configure:20705: result: no
configure:20620: checking for localtime_r
configure:20676: gcc -o conftest -g -O2   conftest.c  >&5
configure:20683: $? = 0
configure:20705: result: yes
configure:20620: checking for gmtime_r
configure:20676: gcc -o conftest -g -O2   conftest.c  >&5
configure:20683: $? = 0
configure:20705: result: yes
configure:20734: checking for library containing tgetent
configure:20775: gcc -o conftest -g -O2   conftest.c  >&5
Undefined symbols:
  "_tgetent", referenced from:
      _main in cctscDDo.o
ld: symbol(s) not found
collect2: ld returned 1 exit status
configure:20782: $? = 1
configure: failed program was:
| /* confdefs.h.  */
| #define PACKAGE_NAME "sqlite"
| #define PACKAGE_TARNAME "sqlite"
| #define PACKAGE_VERSION "3.7.5"
| #define PACKAGE_STRING "sqlite 3.7.5"
| #define PACKAGE_BUGREPORT "http://www.sqlite.org"
| #define PACKAGE "sqlite"
| #define VERSION "3.7.5"
| #define STDC_HEADERS 1
| #define HAVE_SYS_TYPES_H 1
| #define HAVE_SYS_STAT_H 1
| #define HAVE_STDLIB_H 1
| #define HAVE_STRING_H 1
| #define HAVE_MEMORY_H 1
| #define HAVE_STRINGS_H 1
| #define HAVE_INTTYPES_H 1
| #define HAVE_STDINT_H 1
| #define HAVE_UNISTD_H 1
| #define HAVE_DLFCN_H 1
| #define HAVE_FDATASYNC 1
| #define HAVE_USLEEP 1
| #define HAVE_LOCALTIME_R 1
| #define HAVE_GMTIME_R 1
| /* end confdefs.h.  */
| 
| /* Override any GCC internal prototype to avoid an error.
|    Use char because int might match the return type of a GCC
|    builtin and then its argument prototype would still apply.  */
| #ifdef __cplusplus
| extern "C"
| #endif
| char tgetent ();
| int
| main ()
| {
| return tgetent ();
|   ;
|   return 0;
| }
configure:20775: gcc -o conftest -g -O2   conftest.c -lcurses   >&5
configure:20782: $? = 0
configure:20813: result: -lcurses
configure:20821: checking for library containing readline
configure:20862: gcc -o conftest -g -O2   conftest.c -lcurses  >&5
Undefined symbols:
  "_readline", referenced from:
      _main in cccUmKDR.o
ld: symbol(s) not found
collect2: ld returned 1 exit status
configure:20869: $? = 1
configure: failed program was:
| /* confdefs.h.  */
| #define PACKAGE_NAME "sqlite"
| #define PACKAGE_TARNAME "sqlite"
| #define PACKAGE_VERSION "3.7.5"
| #define PACKAGE_STRING "sqlite 3.7.5"
| #define PACKAGE_BUGREPORT "http://www.sqlite.org"
| #define PACKAGE "sqlite"
| #define VERSION "3.7.5"
| #define STDC_HEADERS 1
| #define HAVE_SYS_TYPES_H 1
| #define HAVE_SYS_STAT_H 1
| #define HAVE_STDLIB_H 1
| #define HAVE_STRING_H 1
| #define HAVE_MEMORY_H 1
| #define HAVE_STRINGS_H 1
| #define HAVE_INTTYPES_H 1
| #define HAVE_STDINT_H 1
| #define HAVE_UNISTD_H 1
| #define HAVE_DLFCN_H 1
| #define HAVE_FDATASYNC 1
| #define HAVE_USLEEP 1
| #define HAVE_LOCALTIME_R 1
| #define HAVE_GMTIME_R 1
| /* end confdefs.h.  */
| 
| /* Override any GCC internal prototype to avoid an error.
|    Use char because int might match the return type of a GCC
|    builtin and then its argument prototype would still apply.  */
| #ifdef __cplusplus
| extern "C"
| #endif
| char readline ();
| int
| main ()
| {
| return readline ();
|   ;
|   return 0;
| }
configure:20862: gcc -o conftest -g -O2   conftest.c -lreadline  -lcurses  >&5
configure:20869: $? = 0
configure:20900: result: -lreadline
configure:20914: checking for readline
configure:20970: gcc -o conftest -g -O2   conftest.c -lreadline -lcurses  >&5
configure:20977: $? = 0
configure:20999: result: yes
configure:21029: checking for library containing pthread_create
configure:21070: gcc -o conftest -g -O2   conftest.c  >&5
configure:21077: $? = 0
configure:21108: result: none required
configure:21131: checking for library containing dlopen
configure:21172: gcc -o conftest -g -O2   conftest.c  >&5
configure:21179: $? = 0
configure:21210: result: none required
configure:21221: checking for whether to support dynamic extensions
configure:21223: result: yes
configure:21419: creating ./config.status

## ---------------------- ##
## Running config.status. ##
## ---------------------- ##

This file was extended by sqlite config.status 3.7.5, which was
generated by GNU Autoconf 2.62.  Invocation command line was

  CONFIG_FILES    = 
  CONFIG_HEADERS  = 
  CONFIG_LINKS    = 
  CONFIG_COMMANDS = 
  $ ./config.status 

on Poomphat-techapoonpons-MacBook.local

config.status:716: creating Makefile
config.status:716: creating sqlite3.pc
config.status:921: executing depfiles commands

## ---------------- ##
## Cache variables. ##
## ---------------- ##

ac_cv_build=i686-apple-darwin10.6.0
ac_cv_c_compiler_gnu=yes
ac_cv_cxx_compiler_gnu=yes
ac_cv_env_CCC_set=
ac_cv_env_CCC_value=
ac_cv_env_CC_set=
ac_cv_env_CC_value=
ac_cv_env_CFLAGS_set=
ac_cv_env_CFLAGS_value=
ac_cv_env_CPPFLAGS_set=
ac_cv_env_CPPFLAGS_value=
ac_cv_env_CPP_set=
ac_cv_env_CPP_value=
ac_cv_env_CXXCPP_set=
ac_cv_env_CXXCPP_value=
ac_cv_env_CXXFLAGS_set=
ac_cv_env_CXXFLAGS_value=
ac_cv_env_CXX_set=
ac_cv_env_CXX_value=
ac_cv_env_F77_set=
ac_cv_env_F77_value=
ac_cv_env_FFLAGS_set=
ac_cv_env_FFLAGS_value=
ac_cv_env_LDFLAGS_set=
ac_cv_env_LDFLAGS_value=
ac_cv_env_LIBS_set=
ac_cv_env_LIBS_value=
ac_cv_env_build_alias_set=
ac_cv_env_build_alias_value=
ac_cv_env_host_alias_set=
ac_cv_env_host_alias_value=
ac_cv_env_target_alias_set=
ac_cv_env_target_alias_value=
ac_cv_f77_compiler_gnu=no
ac_cv_func_fdatasync=yes
ac_cv_func_fullfsync=no
ac_cv_func_gmtime_r=yes
ac_cv_func_localtime_r=yes
ac_cv_func_readline=yes
ac_cv_func_usleep=yes
ac_cv_header_dlfcn_h=yes
ac_cv_header_inttypes_h=yes
ac_cv_header_memory_h=yes
ac_cv_header_stdc=yes
ac_cv_header_stdint_h=yes
ac_cv_header_stdlib_h=yes
ac_cv_header_string_h=yes
ac_cv_header_strings_h=yes
ac_cv_header_sys_stat_h=yes
ac_cv_header_sys_types_h=yes
ac_cv_header_unistd_h=yes
ac_cv_host=i686-apple-darwin10.6.0
ac_cv_objext=o
ac_cv_path_EGREP='/usr/bin/grep -E'
ac_cv_path_GREP=/usr/bin/grep
ac_cv_path_install='/usr/bin/install -c'
ac_cv_prog_AWK=awk
ac_cv_prog_CPP='gcc -E'
ac_cv_prog_CXXCPP='g++ -E'
ac_cv_prog_ac_ct_AR=ar
ac_cv_prog_ac_ct_CC=gcc
ac_cv_prog_ac_ct_CXX=g++
ac_cv_prog_ac_ct_RANLIB=ranlib
ac_cv_prog_ac_ct_STRIP=strip
ac_cv_prog_cc_c89=
ac_cv_prog_cc_g=yes
ac_cv_prog_cxx_g=yes
ac_cv_prog_f77_g=no
ac_cv_prog_make_make_set=yes
ac_cv_search_dlopen='none required'
ac_cv_search_pthread_create='none required'
ac_cv_search_readline=-lreadline
ac_cv_search_tgetent=-lcurses
ac_cv_sys_file_offset_bits=no
ac_cv_sys_largefile_CC=no
am_cv_CC_dependencies_compiler_type=gcc3
am_cv_CXX_dependencies_compiler_type=gcc3
lt_cv_deplibs_check_method=pass_all
lt_cv_file_magic_cmd='$MAGIC_CMD'
lt_cv_file_magic_test_file=
lt_cv_ld_reload_flag=-r
lt_cv_objdir=.libs
lt_cv_path_LD=/usr/libexec/gcc/i686-apple-darwin10/4.2.1/ld
lt_cv_path_LDCXX=/usr/libexec/gcc/i686-apple-darwin10/4.2.1/ld
lt_cv_path_NM=/usr/bin/nm
lt_cv_path_SED=/usr/bin/sed
lt_cv_prog_compiler_c_o=yes
lt_cv_prog_compiler_c_o_CXX=yes
lt_cv_prog_compiler_rtti_exceptions=no
lt_cv_prog_gnu_ld=no
lt_cv_prog_gnu_ldcxx=no
lt_cv_sys_global_symbol_pipe='sed -n -e '\''s/^.*[ 	]\([BCDEGRST][BCDEGRST]*\)[ 	][ 	]*_\([_A-Za-z][_A-Za-z0-9]*\)$/\1 _\2 \2/p'\'''
lt_cv_sys_global_symbol_to_c_name_address='sed -n -e '\''s/^: \([^ ]*\) $/  {\"\1\", (lt_ptr) 0},/p'\'' -e '\''s/^[BCDEGRST] \([^ ]*\) \([^ ]*\)$/  {"\2", (lt_ptr) \&\2},/p'\'''
lt_cv_sys_global_symbol_to_cdecl='sed -n -e '\''s/^. .* \(.*\)$/extern int \1;/p'\'''
lt_cv_sys_max_cmd_len=196608
lt_lt_cv_prog_compiler_c_o='"yes"'
lt_lt_cv_prog_compiler_c_o_CXX='"yes"'
lt_lt_cv_sys_global_symbol_pipe='"sed -n -e '\''s/^.*[ 	]\\([BCDEGRST][BCDEGRST]*\\)[ 	][ 	]*_\\([_A-Za-z][_A-Za-z0-9]*\\)\$/\\1 _\\2 \\2/p'\''"'
lt_lt_cv_sys_global_symbol_to_c_name_address='"sed -n -e '\''s/^: \\([^ ]*\\) \$/  {\\\"\\1\\\", (lt_ptr) 0},/p'\'' -e '\''s/^[BCDEGRST] \\([^ ]*\\) \\([^ ]*\\)\$/  {\"\\2\", (lt_ptr) \\&\\2},/p'\''"'
lt_lt_cv_sys_global_symbol_to_cdecl='"sed -n -e '\''s/^. .* \\(.*\\)\$/extern int \\1;/p'\''"'

## ----------------- ##
## Output variables. ##
## ----------------- ##

ACLOCAL='${SHELL} /Users/Bakiss/Desktop/Peter-FrontEnd/sqlite-autoconf-3070500/missing --run aclocal-1.9'
AMDEPBACKSLASH='\'
AMDEP_FALSE='#'
AMDEP_TRUE=''
AMTAR='${SHELL} /Users/Bakiss/Desktop/Peter-FrontEnd/sqlite-autoconf-3070500/missing --run tar'
AR='ar'
AUTOCONF='${SHELL} /Users/Bakiss/Desktop/Peter-FrontEnd/sqlite-autoconf-3070500/missing --run autoconf'
AUTOHEADER='${SHELL} /Users/Bakiss/Desktop/Peter-FrontEnd/sqlite-autoconf-3070500/missing --run autoheader'
AUTOMAKE='${SHELL} /Users/Bakiss/Desktop/Peter-FrontEnd/sqlite-autoconf-3070500/missing --run automake-1.9'
AWK='awk'
BUILD_CFLAGS=''
CC='gcc'
CCDEPMODE='depmode=gcc3'
CFLAGS='-g -O2'
CPP='gcc -E'
CPPFLAGS=''
CXX='g++'
CXXCPP='g++ -E'
CXXDEPMODE='depmode=gcc3'
CXXFLAGS='-g -O2'
CYGPATH_W='echo'
DEFS='-DPACKAGE_NAME=\"sqlite\" -DPACKAGE_TARNAME=\"sqlite\" -DPACKAGE_VERSION=\"3.7.5\" -DPACKAGE_STRING=\"sqlite\ 3.7.5\" -DPACKAGE_BUGREPORT=\"http://www.sqlite.org\" -DPACKAGE=\"sqlite\" -DVERSION=\"3.7.5\" -DSTDC_HEADERS=1 -DHAVE_SYS_TYPES_H=1 -DHAVE_SYS_STAT_H=1 -DHAVE_STDLIB_H=1 -DHAVE_STRING_H=1 -DHAVE_MEMORY_H=1 -DHAVE_STRINGS_H=1 -DHAVE_INTTYPES_H=1 -DHAVE_STDINT_H=1 -DHAVE_UNISTD_H=1 -DHAVE_DLFCN_H=1 -DHAVE_FDATASYNC=1 -DHAVE_USLEEP=1 -DHAVE_LOCALTIME_R=1 -DHAVE_GMTIME_R=1 -DHAVE_READLINE=1'
DEPDIR='.deps'
DYNAMIC_EXTENSION_FLAGS=''
ECHO='/bin/echo'
ECHO_C='\c'
ECHO_N=''
ECHO_T=''
EGREP='/usr/bin/grep -E'
EXEEXT=''
F77=''
FFLAGS=''
GREP='/usr/bin/grep'
INSTALL_DATA='${INSTALL} -m 644'
INSTALL_PROGRAM='${INSTALL}'
INSTALL_SCRIPT='${INSTALL}'
INSTALL_STRIP_PROGRAM='${SHELL} $(install_sh) -c -s'
LDFLAGS=''
LIBOBJS=''
LIBS=''
LIBTOOL='$(SHELL) $(top_builddir)/libtool'
LN_S='ln -s'
LTLIBOBJS=''
MAKEINFO='${SHELL} /Users/Bakiss/Desktop/Peter-FrontEnd/sqlite-autoconf-3070500/missing --run makeinfo'
OBJEXT='o'
PACKAGE='sqlite'
PACKAGE_BUGREPORT='http://www.sqlite.org'
PACKAGE_NAME='sqlite'
PACKAGE_STRING='sqlite 3.7.5'
PACKAGE_TARNAME='sqlite'
PACKAGE_VERSION='3.7.5'
PATH_SEPARATOR=':'
RANLIB='ranlib'
READLINE_LIBS='-lreadline -lcurses '
SET_MAKE=''
SHELL='/bin/sh'
STRIP='strip'
THREADSAFE_FLAGS='-DSQLITE_THREADSAFE=1'
VERSION='3.7.5'
ac_ct_CC='gcc'
ac_ct_CXX='g++'
ac_ct_F77=''
am__fastdepCC_FALSE='#'
am__fastdepCC_TRUE=''
am__fastdepCXX_FALSE='#'
am__fastdepCXX_TRUE=''
am__include='include'
am__leading_dot='.'
am__quote=''
am__tar='${AMTAR} chof - "$$tardir"'
am__untar='${AMTAR} xf -'
bindir='${exec_prefix}/bin'
build='i686-apple-darwin10.6.0'
build_alias=''
build_cpu='i686'
build_os='darwin10.6.0'
build_vendor='apple'
datadir='${datarootdir}'
datarootdir='${prefix}/share'
docdir='${datarootdir}/doc/${PACKAGE_TARNAME}'
dvidir='${docdir}'
exec_prefix='${prefix}'
host='i686-apple-darwin10.6.0'
host_alias=''
host_cpu='i686'
host_os='darwin10.6.0'
host_vendor='apple'
htmldir='${docdir}'
includedir='${prefix}/include'
infodir='${datarootdir}/info'
install_sh='/Users/Bakiss/Desktop/Peter-FrontEnd/sqlite-autoconf-3070500/install-sh'
libdir='${exec_prefix}/lib'
libexecdir='${exec_prefix}/libexec'
localedir='${datarootdir}/locale'
localstatedir='${prefix}/var'
mandir='${datarootdir}/man'
mkdir_p='$(install_sh) -d'
oldincludedir='/usr/include'
pdfdir='${docdir}'
prefix='/usr/local'
program_transform_name='s,x,x,'
psdir='${docdir}'
sbindir='${exec_prefix}/sbin'
sharedstatedir='${prefix}/com'
sysconfdir='${prefix}/etc'
target_alias=''

## ----------- ##
## confdefs.h. ##
## ----------- ##

#define PACKAGE_NAME "sqlite"
#define PACKAGE_TARNAME "sqlite"
#define PACKAGE_VERSION "3.7.5"
#define PACKAGE_STRING "sqlite 3.7.5"
#define PACKAGE_BUGREPORT "http://www.sqlite.org"
#define PACKAGE "sqlite"
#define VERSION "3.7.5"
#define STDC_HEADERS 1
#define HAVE_SYS_TYPES_H 1
#define HAVE_SYS_STAT_H 1
#define HAVE_STDLIB_H 1
#define HAVE_STRING_H 1
#define HAVE_MEMORY_H 1
#define HAVE_STRINGS_H 1
#define HAVE_INTTYPES_H 1
#define HAVE_STDINT_H 1
#define HAVE_UNISTD_H 1
#define HAVE_DLFCN_H 1
#define HAVE_FDATASYNC 1
#define HAVE_USLEEP 1
#define HAVE_LOCALTIME_R 1
#define HAVE_GMTIME_R 1
#define HAVE_READLINE 1

configure: exit 0
